Using pre-set license
Built from '2020.3/staging' branch; Version is '2020.3.21f1 (a38c86f6690f) revision 10718342'; Using compiler version '192528614'; Build Type 'Release'
OS: 'Windows 10 Home Single Language; OS build 19043.1288; Version 2009; 64bit' Language: 'en' Physical Memory: 15808 MB
BatchMode: 1, IsHumanControllingUs: 0, StartBugReporterOnCrash: 0, Is64bit: 1, IsPro: 0

COMMAND LINE ARGUMENTS:
D:\Unity\2020.3.21f1\Editor\Unity.exe
-adb2
-batchMode
-noUpm
-name
AssetImportWorker0
-projectPath
D:/Project/Unity/AR-test
-logFile
Logs/AssetImportWorker0.log
-srvPort
55815
Successfully changed project path to: D:/Project/Unity/AR-test
D:/Project/Unity/AR-test
Using Asset Import Pipeline V2.
Refreshing native plugins compatible for Editor in 85.56 ms, found 5 plugins.
Preloading 2 native plugins for Editor in 4.62 ms.
Initialize engine version: 2020.3.21f1 (a38c86f6690f)
[Subsystems] Discovering subsystems at path D:/Unity/2020.3.21f1/Editor/Data/Resources/UnitySubsystems
[Subsystems] Discovering subsystems at path D:/Project/Unity/AR-test/Assets
GfxDevice: creating device client; threaded=0
Direct3D:
    Version:  Direct3D 11.0 [level 11.1]
    Renderer: NVIDIA GeForce GTX 1050 (ID=0x1c91)
    Vendor:   
    VRAM:     2996 MB
    Driver:   27.21.14.5763
Initialize mono
Mono path[0] = 'D:/Unity/2020.3.21f1/Editor/Data/Managed'
Mono path[1] = 'D:/Unity/2020.3.21f1/Editor/Data/MonoBleedingEdge/lib/mono/unityjit'
Mono config path = 'D:/Unity/2020.3.21f1/Editor/Data/MonoBleedingEdge/etc'
Using monoOptions --debugger-agent=transport=dt_socket,embedding=1,server=y,suspend=n,address=127.0.0.1:56852
Begin MonoManager ReloadAssembly
Registering precompiled unity dll's ...
Register platform support module: D:/Unity/2020.3.21f1/Editor/Data/PlaybackEngines/WindowsStandaloneSupport/UnityEditor.WindowsStandalone.Extensions.dll
Registered in 0.002283 seconds.
Native extension for WindowsStandalone target not found
Refreshing native plugins compatible for Editor in 57.64 ms, found 5 plugins.
Preloading 2 native plugins for Editor in 0.10 ms.
Mono: successfully reloaded assembly
- Completed reload, in  3.330 seconds
Domain Reload Profiling:
	ReloadAssembly (3331ms)
		BeginReloadAssembly (143ms)
			ExecutionOrderSort (0ms)
			DisableScriptedObjects (0ms)
			BackupInstance (0ms)
			ReleaseScriptingObjects (0ms)
			CreateAndSetChildDomain (1ms)
		EndReloadAssembly (748ms)
			LoadAssemblies (142ms)
			RebuildTransferFunctionScriptingTraits (0ms)
			SetupTypeCache (235ms)
			ReleaseScriptCaches (0ms)
			RebuildScriptCaches (52ms)
			SetupLoadedEditorAssemblies (299ms)
				LogAssemblyErrors (0ms)
				InitializePlatformSupportModulesInManaged (8ms)
				SetLoadedEditorAssemblies (0ms)
				RefreshPlugins (58ms)
				BeforeProcessingInitializeOnLoad (14ms)
				ProcessInitializeOnLoadAttributes (162ms)
				ProcessInitializeOnLoadMethodAttributes (57ms)
				AfterProcessingInitializeOnLoad (0ms)
				EditorAssembliesLoaded (0ms)
			ExecutionOrderSort2 (0ms)
			AwakeInstancesAfterBackupRestoration (0ms)
Platform modules already initialized, skipping
Registering precompiled user dll's ...
Registered in 0.017839 seconds.
Begin MonoManager ReloadAssembly
Native extension for WindowsStandalone target not found
Refreshing native plugins compatible for Editor in 0.95 ms, found 5 plugins.
Preloading 2 native plugins for Editor in 0.14 ms.
System.NullReferenceException: Object reference not set to an instance of an object
  at Vuforia.EditorClasses.ExtensionTypeProvider.GetVuforiaPackageAbsPath () [0x0004a] in <67f168408fbf4fce9c04342c093e9fe7>:0 
  at Vuforia.EditorClasses.ExtensionTypeProvider.IsPackageManager () [0x00000] in <67f168408fbf4fce9c04342c093e9fe7>:0 
  at Vuforia.EditorClasses.ExtensionTypeProvider.ResolvePluginType () [0x00009] in <67f168408fbf4fce9c04342c093e9fe7>:0 
  at Vuforia.EditorClasses.ExtensionTypeProvider.GetPluginType () [0x0000c] in <67f168408fbf4fce9c04342c093e9fe7>:0 
  at Vuforia.EditorClasses.VuforiaUtilities.IsVuforiaEnabledInPlayerSettings () [0x00000] in <67f168408fbf4fce9c04342c093e9fe7>:0 
  at VuforiaEnabledObserver..cctor () [0x00000] in <67f168408fbf4fce9c04342c093e9fe7>:0 
UnityEngine.StackTraceUtility:ExtractStackTrace ()
UnityEngine.DebugLogHandler:LogFormat (UnityEngine.LogType,UnityEngine.Object,string,object[])
UnityEngine.Logger:Log (UnityEngine.LogType,object)
UnityEngine.Debug:LogError (object)
UnityEditor.EditorAssemblies:ProcessInitializeOnLoadAttributes (System.Type[])

System.NullReferenceException: Object reference not set to an instance of an object
  at Vuforia.EditorClasses.ExtensionTypeProvider.GetVuforiaPackageAbsPath () [0x0004a] in <67f168408fbf4fce9c04342c093e9fe7>:0 
  at Vuforia.EditorClasses.ExtensionTypeProvider.IsPackageManager () [0x00000] in <67f168408fbf4fce9c04342c093e9fe7>:0 
  at Vuforia.EditorClasses.ExtensionTypeProvider.ResolvePluginType () [0x00009] in <67f168408fbf4fce9c04342c093e9fe7>:0 
  at Vuforia.EditorClasses.ExtensionTypeProvider.GetPluginType () [0x0000c] in <67f168408fbf4fce9c04342c093e9fe7>:0 
  at Vuforia.EditorClasses.VuforiaUtilities.IsVuforiaEnabledInPlayerSettings () [0x00000] in <67f168408fbf4fce9c04342c093e9fe7>:0 
  at Vuforia.EditorClasses.InitializeOnLoadVuforiaTaskRunner..cctor () [0x00015] in <67f168408fbf4fce9c04342c093e9fe7>:0 
UnityEngine.StackTraceUtility:ExtractStackTrace ()
UnityEngine.DebugLogHandler:LogFormat (UnityEngine.LogType,UnityEngine.Object,string,object[])
UnityEngine.Logger:Log (UnityEngine.LogType,object)
UnityEngine.Debug:LogError (object)
UnityEditor.EditorAssemblies:ProcessInitializeOnLoadAttributes (System.Type[])

Mono: successfully reloaded assembly
- Completed reload, in  1.805 seconds
Domain Reload Profiling:
	ReloadAssembly (1808ms)
		BeginReloadAssembly (252ms)
			ExecutionOrderSort (0ms)
			DisableScriptedObjects (7ms)
			BackupInstance (0ms)
			ReleaseScriptingObjects (0ms)
			CreateAndSetChildDomain (28ms)
		EndReloadAssembly (1452ms)
			LoadAssemblies (176ms)
			RebuildTransferFunctionScriptingTraits (0ms)
			SetupTypeCache (510ms)
			ReleaseScriptCaches (1ms)
			RebuildScriptCaches (71ms)
			SetupLoadedEditorAssemblies (547ms)
				LogAssemblyErrors (0ms)
				InitializePlatformSupportModulesInManaged (9ms)
				SetLoadedEditorAssemblies (1ms)
				RefreshPlugins (5ms)
				BeforeProcessingInitializeOnLoad (106ms)
				ProcessInitializeOnLoadAttributes (407ms)
				ProcessInitializeOnLoadMethodAttributes (14ms)
				AfterProcessingInitializeOnLoad (4ms)
				EditorAssembliesLoaded (0ms)
			ExecutionOrderSort2 (0ms)
			AwakeInstancesAfterBackupRestoration (10ms)
Platform modules already initialized, skipping
========================================================================
Worker process is ready to serve import requests
Launched and connected shader compiler UnityShaderCompiler.exe after 0.10 seconds
Refreshing native plugins compatible for Editor in 0.84 ms, found 5 plugins.
Preloading 2 native plugins for Editor in 0.19 ms.
Unloading 1794 Unused Serialized files (Serialized files now loaded: 0)
System memory in use before: 80.5 MB.
System memory in use after: 80.5 MB.

Unloading 49 unused Assets to reduce memory usage. Loaded Objects now: 2491.
Total: 5.547000 ms (FindLiveObjects: 0.332900 ms CreateObjectMapping: 0.071500 ms MarkObjects: 4.984200 ms  DeleteObjects: 0.152800 ms)

AssetImportParameters requested are different than current active one (requested -> active):
  custom:framework-win-MediaFoundation: 216162199b28c13a410421893ffa2e32 -> 
  custom:video-decoder-ogg-theora: a1e56fd34408186e4bbccfd4996cb3dc -> 
  custom:container-muxer-webm: aa71ff27fc2769a1b78a27578f13a17b -> 
  custom:container-demuxer-webm: 4f35f7cbe854078d1ac9338744f61a02 -> 
  custom:container-demuxer-ogg: 62fdf1f143b41e24485cea50d1cbac27 -> 
  custom:video-encoder-webm-vp8: eb34c28f22e8b96e1ab97ce403110664 -> 
  custom:video-codec-MediaFoundation-h265: 746d11721c4dcdbdad8f713fa42b33f4 -> 
  custom:video-decoder-webm-vp8: 9c59270c3fd7afecdb556c50c9e8de78 -> 
  custom:audio-decoder-ogg-vorbis: bf7c407c2cedff20999df2af8eb42d56 -> 
  custom:audio-encoder-webm-vorbis: bf7c407c2cedff20999df2af8eb42d56 -> 
========================================================================
Received Import Request.
  path: Assets/3D Model/Zapdos/images/pm0145_00_BodyA1.png
  artifactKey: Guid(fb9f2342a46584449bb3172dcd15ede3) Importer(815301076,1909f56bfc062723c751e8b465ee728b)
Start importing Assets/3D Model/Zapdos/images/pm0145_00_BodyA1.png using Guid(fb9f2342a46584449bb3172dcd15ede3) Importer(815301076,1909f56bfc062723c751e8b465ee728b)  -> (artifact id: '83b0109de5665cded7bb5b740f2a5d27') in 0.294547 seconds 
  Import took 0.454240 seconds .

========================================================================
Received Import Request.
  Time since last request: 0.001045 seconds.
  path: Assets/3D Model/Zapdos/images/pm0145_00_BodyANor.png
  artifactKey: Guid(83771af48d09f5040ac8c17f68bdfcc2) Importer(815301076,1909f56bfc062723c751e8b465ee728b)
Start importing Assets/3D Model/Zapdos/images/pm0145_00_BodyANor.png using Guid(83771af48d09f5040ac8c17f68bdfcc2) Importer(815301076,1909f56bfc062723c751e8b465ee728b)  -> (artifact id: '10b71c54ddedde1dede43c3acb38d3c9') in 0.168092 seconds 
  Import took 0.251864 seconds .

========================================================================
Received Import Request.
  Time since last request: 0.001051 seconds.
  path: Assets/3D Model/Zapdos/images/pm0145_00_BodyB1.png
  artifactKey: Guid(4daed4f79fe43a345ae257f669fd2496) Importer(815301076,1909f56bfc062723c751e8b465ee728b)
Start importing Assets/3D Model/Zapdos/images/pm0145_00_BodyB1.png using Guid(4daed4f79fe43a345ae257f669fd2496) Importer(815301076,1909f56bfc062723c751e8b465ee728b)  -> (artifact id: '449e705ffe76a1d4ba953242dc797fad') in 0.022357 seconds 
  Import took 0.143745 seconds .

========================================================================
Received Import Request.
  Time since last request: 0.000959 seconds.
  path: Assets/3D Model/Zapdos/images/pm0145_00_Eye1.png
  artifactKey: Guid(6d1e49e5735b62d45b0e89233a322531) Importer(815301076,1909f56bfc062723c751e8b465ee728b)
Start importing Assets/3D Model/Zapdos/images/pm0145_00_Eye1.png using Guid(6d1e49e5735b62d45b0e89233a322531) Importer(815301076,1909f56bfc062723c751e8b465ee728b)  -> (artifact id: '2d9cc10dac02f109a9511d967e84f646') in 0.045830 seconds 
  Import took 0.091513 seconds .

========================================================================
Received Import Request.
  Time since last request: 0.000896 seconds.
  path: Assets/3D Model/Zapdos/images/pm0145_00_BodyB1Id.png
  artifactKey: Guid(44ec8d33f71f0434f9f8714e50849229) Importer(815301076,1909f56bfc062723c751e8b465ee728b)
Start importing Assets/3D Model/Zapdos/images/pm0145_00_BodyB1Id.png using Guid(44ec8d33f71f0434f9f8714e50849229) Importer(815301076,1909f56bfc062723c751e8b465ee728b)  -> (artifact id: '794b4c5832dc16fce461f7ce0ce839fb') in 0.120654 seconds 
  Import took 0.192396 seconds .

========================================================================
Received Import Request.
  Time since last request: 0.001092 seconds.
  path: Assets/3D Model/Zapdos/images/pm0145_00_BodyB2.png
  artifactKey: Guid(1a7bc256cde2a064293fc7cf19b93e2a) Importer(815301076,1909f56bfc062723c751e8b465ee728b)
Start importing Assets/3D Model/Zapdos/images/pm0145_00_BodyB2.png using Guid(1a7bc256cde2a064293fc7cf19b93e2a) Importer(815301076,1909f56bfc062723c751e8b465ee728b)  -> (artifact id: '1f68feedfb9cbd73de3dd1649db89c11') in 0.162544 seconds 
  Import took 0.227702 seconds .

========================================================================
Received Import Request.
  Time since last request: 0.001009 seconds.
  path: Assets/3D Model/Zapdos/images/pm0145_00_BodyA2.png
  artifactKey: Guid(0fa4822287935f24a8f157f933425fbc) Importer(815301076,1909f56bfc062723c751e8b465ee728b)
Start importing Assets/3D Model/Zapdos/images/pm0145_00_BodyA2.png using Guid(0fa4822287935f24a8f157f933425fbc) Importer(815301076,1909f56bfc062723c751e8b465ee728b)  -> (artifact id: '9e7aacdefb926688bf4f11a36653e449') in 0.150007 seconds 
  Import took 0.245267 seconds .

========================================================================
Received Import Request.
  Time since last request: 0.001244 seconds.
  path: Assets/3D Model/Zapdos/images/pm0145_00_BodyA1Id.png
  artifactKey: Guid(12cf35f260913594e80ff8e6217e4b83) Importer(815301076,1909f56bfc062723c751e8b465ee728b)
Start importing Assets/3D Model/Zapdos/images/pm0145_00_BodyA1Id.png using Guid(12cf35f260913594e80ff8e6217e4b83) Importer(815301076,1909f56bfc062723c751e8b465ee728b)  -> (artifact id: '07886d3ee6e8c60992ed99d4512d4eac') in 0.114481 seconds 
  Import took 0.190341 seconds .

========================================================================
Received Import Request.
  Time since last request: 0.001039 seconds.
  path: Assets/3D Model/Zapdos/images/pm0145_00_BodyANor_Alpha.png
  artifactKey: Guid(48586c01cd426984cae69a655561878e) Importer(815301076,1909f56bfc062723c751e8b465ee728b)
Start importing Assets/3D Model/Zapdos/images/pm0145_00_BodyANor_Alpha.png using Guid(48586c01cd426984cae69a655561878e) Importer(815301076,1909f56bfc062723c751e8b465ee728b)  -> (artifact id: 'ea4ce79ceebdc5dc0b2d5e49eaaac8f0') in 0.151554 seconds 
  Import took 0.250509 seconds .

========================================================================
Received Import Request.
  Time since last request: 0.001635 seconds.
  path: Assets/3D Model/Zapdos/images/pm0145_00_Eye2.png
  artifactKey: Guid(33398532fa6874941814ba7bc7e77e89) Importer(815301076,1909f56bfc062723c751e8b465ee728b)
Start importing Assets/3D Model/Zapdos/images/pm0145_00_Eye2.png using Guid(33398532fa6874941814ba7bc7e77e89) Importer(815301076,1909f56bfc062723c751e8b465ee728b)  -> (artifact id: '482e9c1e5f6fe61737de66d8b1cd9e17') in 0.196734 seconds 
  Import took 0.237765 seconds .

========================================================================
Received Import Request.
  Time since last request: 0.000966 seconds.
  path: Assets/3D Model/Zapdos/images/pm0145_00_BodyBNor.png
  artifactKey: Guid(12207fee1c1c9f841a8a3df7ab8acc12) Importer(815301076,1909f56bfc062723c751e8b465ee728b)
Start importing Assets/3D Model/Zapdos/images/pm0145_00_BodyBNor.png using Guid(12207fee1c1c9f841a8a3df7ab8acc12) Importer(815301076,1909f56bfc062723c751e8b465ee728b)  -> (artifact id: 'c77f7d209f9e2345ecbb98a27bbaa040') in 0.147749 seconds 
  Import took 0.276685 seconds .

========================================================================
Received Import Request.
  Time since last request: 0.001084 seconds.
  path: Assets/3D Model/Zapdos/images/pm0145_00_Eye1Id.png
  artifactKey: Guid(ecfda223ea4024e4b98f1a395f3d6ba0) Importer(815301076,1909f56bfc062723c751e8b465ee728b)
Start importing Assets/3D Model/Zapdos/images/pm0145_00_Eye1Id.png using Guid(ecfda223ea4024e4b98f1a395f3d6ba0) Importer(815301076,1909f56bfc062723c751e8b465ee728b)  -> (artifact id: '38514b44120d9c6741a2005426849183') in 0.094046 seconds 
  Import took 0.230969 seconds .

========================================================================
Received Import Request.
  Time since last request: 0.000832 seconds.
  path: Assets/3D Model/Zapdos/images/pm0145_00_EyeNor.png
  artifactKey: Guid(090188e8138460a4b8650297c9bec2c1) Importer(815301076,1909f56bfc062723c751e8b465ee728b)
Start importing Assets/3D Model/Zapdos/images/pm0145_00_EyeNor.png using Guid(090188e8138460a4b8650297c9bec2c1) Importer(815301076,1909f56bfc062723c751e8b465ee728b)  -> (artifact id: 'c3a50ca0fd73e3249b6e29c74eedc4c2') in 0.169615 seconds 
  Import took 0.229387 seconds .

AssetImportWorkerClient::OnTransportError - code=2 error=End of file
